
 /----------------------------------------------------------------------------\
 |                                                                            |
 |  yosys -- Yosys Open SYnthesis Suite -- YosysHQ Edition [202302081344]     |
 |                                                                            |
 |  Copyright (C) 2012 - 2023 YosysHQ GmbH                                    |
 |                                                                            |
 |                                                                            |
 \----------------------------------------------------------------------------/

 Yosys 0.26 (git sha1 7e588664e, clang 10.0.0-4ubuntu1 -fPIC -Os)


-- Executing script file `design_smt2.ys' --

1. Executing RTLIL frontend.
Input filename: design_prep.il

2. Executing HIERARCHY pass (managing design hierarchy).

2.1. Analyzing design hierarchy..
Top module:  \seq_detector

2.2. Analyzing design hierarchy..
Top module:  \seq_detector
Removed 0 unused modules.
Module seq_detector directly or indirectly contains formal properties -> setting "keep" attribute.

3. Executing FORMALFF pass.

4. Executing DFFUNMAP pass (unmap clock enable and synchronous reset from FFs).

5. Printing statistics.

=== seq_detector ===

   Number of wires:                 76
   Number of wire bits:             96
   Number of public wires:           8
   Number of public wire bits:      20
   Number of memories:               0
   Number of memory bits:            0
   Number of processes:              0
   Number of cells:                 77
     $and                            8
     $anyinit                        2
     $assert                         2
     $assume                         2
     $eq                             6
     $ff                            11
     $initstate                      1
     $mux                           26
     $not                            8
     $or                             7
     $pmux                           1
     $reduce_or                      2
     $xor                            1

6. Executing SMT2 backend.

6.1. Executing BMUXMAP pass.

6.2. Executing DEMUXMAP pass.
Creating SMT-LIBv2 representation of module seq_detector.

End of script. Logfile hash: 85a72c3479, CPU: user 0.02s system 0.00s, MEM: 21.62 MB peak
Yosys 0.26 (git sha1 7e588664e, clang 10.0.0-4ubuntu1 -fPIC -Os)
Time spent: 60% 2x write_smt2 (0 sec), 27% 2x read_ilang (0 sec), ...
